<?xml version="1.0" encoding="UTF-8"?>
<!-- Generated by org.testng.reporters.JUnitReportReporter -->
<testsuite skipped="0" hostname="DESKTOP-T5PIO20" name="testErcan.GetRequestTest" tests="5" failures="0" timestamp="2019-10-24T19:22:10 EEST" time="5.619" errors="0">
  <testcase name="getRequestTest3" time="1.136" classname="testErcan.GetRequestTest"/>
  <testcase name="getRequestTest5" time="0.282" classname="testErcan.GetRequestTest"/>
  <testcase name="getRequestTest2" time="1.004" classname="testErcan.GetRequestTest"/>
  <testcase name="getRequestTest4" time="0.463" classname="testErcan.GetRequestTest"/>
  <testcase name="getRequestTest1" time="2.734" classname="testErcan.GetRequestTest"/>
</testsuite> <!-- testErcan.GetRequestTest -->
